2021-11-23T07:38:57+00:00 CRITICAL Maximum execution time of 120 seconds exceeded di C:\xampp\htdocs\adibatik\wp-content\plugins\woocommerce\packages\woocommerce-admin\src\Features\ActivityPanels.php pada baris 69

2021-11-23T07:40:23+00:00 CRITICAL Uncaught Error: Undefined constant "WP_ENVIRONMENT_TYPE" in C:\xampp\htdocs\adibatik\wp-content\plugins\woocommerce\packages\woocommerce-admin\src\Schedulers\MailchimpScheduler.php:90
Stack trace:
#0 C:\xampp\htdocs\adibatik\wp-content\plugins\woocommerce\packages\woocommerce-admin\src\Schedulers\MailchimpScheduler.php(90): constant('WP_ENVIRONMENT_...')
#1 C:\xampp\htdocs\adibatik\wp-content\plugins\woocommerce\packages\woocommerce-admin\src\Schedulers\MailchimpScheduler.php(58): Automattic\WooCommerce\Admin\Schedulers\MailchimpScheduler->make_request('adibatikstore@g...')
#2 C:\xampp\htdocs\adibatik\wp-content\plugins\woocommerce\packages\woocommerce-admin\src\Events.php(109): Automattic\WooCommerce\Admin\Schedulers\MailchimpScheduler->run()
#3 C:\xampp\htdocs\adibatik\wp-includes\class-wp-hook.php(303): Automattic\WooCommerce\Admin\Events->do_wc_admin_daily()
#4 C:\xampp\htdocs\adibatik\wp-includes\class-wp-hook.php(327): WP_Hook->apply_filters('', Array)
#5 C:\xampp\htdocs\adibatik\wp-includes\plugin.php(518): WP_Hook->do_action(Array)
#6 C:\xampp\htdocs\adibatik\wp-cron.php(138): do_action_ref_array('wc_admin_daily', Array)
#7 {main}
  thrown di C:\xampp\htdocs\adibatik\wp-content\plugins\woocommerce\packages\woocommerce-admin\src\Schedulers\MailchimpScheduler.php pada baris 90

2021-11-23T07:41:02+00:00 CRITICAL Uncaught Error: Undefined constant "WP_ENVIRONMENT_TYPE" in C:\xampp\htdocs\adibatik\wp-content\plugins\woocommerce\packages\woocommerce-admin\src\Schedulers\MailchimpScheduler.php:90
Stack trace:
#0 C:\xampp\htdocs\adibatik\wp-content\plugins\woocommerce\packages\woocommerce-admin\src\Schedulers\MailchimpScheduler.php(90): constant('WP_ENVIRONMENT_...')
#1 C:\xampp\htdocs\adibatik\wp-content\plugins\woocommerce\packages\woocommerce-admin\src\Schedulers\MailchimpScheduler.php(58): Automattic\WooCommerce\Admin\Schedulers\MailchimpScheduler->make_request('adibatikstore@g...')
#2 C:\xampp\htdocs\adibatik\wp-content\plugins\woocommerce\packages\woocommerce-admin\src\Events.php(109): Automattic\WooCommerce\Admin\Schedulers\MailchimpScheduler->run()
#3 C:\xampp\htdocs\adibatik\wp-includes\class-wp-hook.php(303): Automattic\WooCommerce\Admin\Events->do_wc_admin_daily()
#4 C:\xampp\htdocs\adibatik\wp-includes\class-wp-hook.php(327): WP_Hook->apply_filters('', Array)
#5 C:\xampp\htdocs\adibatik\wp-includes\plugin.php(518): WP_Hook->do_action(Array)
#6 C:\xampp\htdocs\adibatik\wp-cron.php(138): do_action_ref_array('wc_admin_daily', Array)
#7 {main}
  thrown di C:\xampp\htdocs\adibatik\wp-content\plugins\woocommerce\packages\woocommerce-admin\src\Schedulers\MailchimpScheduler.php pada baris 90

2021-11-23T15:38:02+00:00 CRITICAL Maximum execution time of 120 seconds exceeded di C:\xampp\htdocs\adibatik\wp-content\plugins\ocean-extra\includes\freemius\includes\supplements\fs-essential-functions-2.2.1.php pada baris 9

2021-11-23T15:55:23+00:00 CRITICAL Maximum execution time of 120 seconds exceeded di C:\xampp\htdocs\adibatik\wp-includes\customize\class-wp-widget-form-customize-control.php pada baris 141

2021-11-23T15:56:15+00:00 CRITICAL Maximum execution time of 120 seconds exceeded di C:\xampp\htdocs\adibatik\wp-content\plugins\woocommerce\packages\woocommerce-admin\src\ReportExporter.php pada baris 8

2021-11-23T16:07:09+00:00 CRITICAL Maximum execution time of 120 seconds exceeded di C:\xampp\htdocs\adibatik\wp-includes\wp-db.php pada baris 2056

2021-11-23T16:14:03+00:00 CRITICAL Maximum execution time of 120 seconds exceeded di C:\xampp\htdocs\adibatik\wp-content\plugins\elementor\includes\controls\url.php pada baris 6

