2021-12-06T10:03:47+00:00 CRITICAL Uncaught Error: Undefined constant "WP_ENVIRONMENT_TYPE" in C:\xampp\htdocs\adibatik\wp-content\plugins\woocommerce\packages\woocommerce-admin\src\Schedulers\MailchimpScheduler.php:90
Stack trace:
#0 C:\xampp\htdocs\adibatik\wp-content\plugins\woocommerce\packages\woocommerce-admin\src\Schedulers\MailchimpScheduler.php(90): constant('WP_ENVIRONMENT_...')
#1 C:\xampp\htdocs\adibatik\wp-content\plugins\woocommerce\packages\woocommerce-admin\src\Schedulers\MailchimpScheduler.php(58): Automattic\WooCommerce\Admin\Schedulers\MailchimpScheduler->make_request('adibatikstore@g...')
#2 C:\xampp\htdocs\adibatik\wp-content\plugins\woocommerce\packages\woocommerce-admin\src\Events.php(109): Automattic\WooCommerce\Admin\Schedulers\MailchimpScheduler->run()
#3 C:\xampp\htdocs\adibatik\wp-includes\class-wp-hook.php(303): Automattic\WooCommerce\Admin\Events->do_wc_admin_daily()
#4 C:\xampp\htdocs\adibatik\wp-includes\class-wp-hook.php(327): WP_Hook->apply_filters('', Array)
#5 C:\xampp\htdocs\adibatik\wp-includes\plugin.php(518): WP_Hook->do_action(Array)
#6 C:\xampp\htdocs\adibatik\wp-cron.php(138): do_action_ref_array('wc_admin_daily', Array)
#7 {main}
  thrown di C:\xampp\htdocs\adibatik\wp-content\plugins\woocommerce\packages\woocommerce-admin\src\Schedulers\MailchimpScheduler.php pada baris 90

2021-12-06T10:23:09+00:00 CRITICAL Maximum execution time of 120 seconds exceeded di C:\xampp\htdocs\adibatik\wp-includes\l10n.php pada baris 1169

2021-12-06T10:24:54+00:00 CRITICAL Uncaught Error: Undefined constant "WP_ENVIRONMENT_TYPE" in C:\xampp\htdocs\adibatik\wp-content\plugins\woocommerce\packages\woocommerce-admin\src\Schedulers\MailchimpScheduler.php:90
Stack trace:
#0 C:\xampp\htdocs\adibatik\wp-content\plugins\woocommerce\packages\woocommerce-admin\src\Schedulers\MailchimpScheduler.php(90): constant('WP_ENVIRONMENT_...')
#1 C:\xampp\htdocs\adibatik\wp-content\plugins\woocommerce\packages\woocommerce-admin\src\Schedulers\MailchimpScheduler.php(58): Automattic\WooCommerce\Admin\Schedulers\MailchimpScheduler->make_request('adibatikstore@g...')
#2 C:\xampp\htdocs\adibatik\wp-content\plugins\woocommerce\packages\woocommerce-admin\src\Events.php(109): Automattic\WooCommerce\Admin\Schedulers\MailchimpScheduler->run()
#3 C:\xampp\htdocs\adibatik\wp-includes\class-wp-hook.php(303): Automattic\WooCommerce\Admin\Events->do_wc_admin_daily()
#4 C:\xampp\htdocs\adibatik\wp-includes\class-wp-hook.php(327): WP_Hook->apply_filters('', Array)
#5 C:\xampp\htdocs\adibatik\wp-includes\plugin.php(518): WP_Hook->do_action(Array)
#6 C:\xampp\htdocs\adibatik\wp-cron.php(138): do_action_ref_array('wc_admin_daily', Array)
#7 {main}
  thrown di C:\xampp\htdocs\adibatik\wp-content\plugins\woocommerce\packages\woocommerce-admin\src\Schedulers\MailchimpScheduler.php pada baris 90

2021-12-06T10:41:58+00:00 CRITICAL Maximum execution time of 120 seconds exceeded di C:\xampp\htdocs\adibatik\wp-includes\Requests\Transport\cURL.php pada baris 462

2021-12-06T11:47:19+00:00 CRITICAL Maximum execution time of 120 seconds exceeded di C:\xampp\htdocs\adibatik\wp-includes\wp-db.php pada baris 2056

2021-12-06T11:47:19+00:00 CRITICAL Maximum execution time of 120 seconds exceeded di C:\xampp\htdocs\adibatik\wp-includes\wp-db.php pada baris 2056

2021-12-06T11:48:33+00:00 CRITICAL Maximum execution time of 120 seconds exceeded di C:\xampp\htdocs\adibatik\wp-includes\wp-db.php pada baris 2056

2021-12-06T11:52:03+00:00 CRITICAL Maximum execution time of 120 seconds exceeded di C:\xampp\htdocs\adibatik\wp-admin\includes\theme.php pada baris 1175

2021-12-06T11:52:03+00:00 CRITICAL Maximum execution time of 120 seconds exceeded di C:\xampp\htdocs\adibatik\wp-content\plugins\elementor\core\kits\documents\tabs\tab-base.php pada baris 12

2021-12-06T11:52:55+00:00 CRITICAL Maximum execution time of 120 seconds exceeded di C:\xampp\htdocs\adibatik\wp-includes\l10n.php pada baris 1169

